 MINTS: Wrapper to libmints.
   by Justin Turney

   Calculation information:
      Number of threads:                 1
      Number of atoms:                   2
      Number of AO shells:               4
      Number of SO shells:               2
      Number of primitives:              8
      Number of atomic orbitals:         4
      Number of basis functions:         4

      Number of irreps:                  8
      Integral cutoff                 1.00e-12
      Number of functions per irrep: [   2    0    0    0    0    2    0    0 ]

 OEINTS: Overlap, kinetic, potential, dipole, and quadrupole integrals
         stored in file 35.

      Computing two-electron integrals...done
      Computed 31 non-zero two-electron integrals.
        Stored in file 33.


         ---------------------------------------------------------
                          Configuration Interaction
                            (a 'D E T C I' module)

                 C. David Sherrill, Daniel G. A. Smith, and
                              Matt L. Leininger
         ---------------------------------------------------------


   ==> Parameters <==

    EX LEVEL       =        2      H0 BLOCKSIZE  =     1000
    VAL EX LEVEL   =        0      H0 GUESS SIZE =     1000
    H0COUPLINGSIZE =        0      H0 COUPLING   =       NO
    MAXITER        =       24      NUM PRINT     =       20
    NUM ROOTS      =        1      ICORE         =        1
    PRINT LVL      =        1      FCI           =      YES
    R CONV         = 1.00e-04      MIXED         =      YES
    E CONV         = 1.00e-06      MIXED4        =      YES
    R4S            =       NO      REPL OTF      =       NO
    DIAG METHOD    =      SEM      FOLLOW ROOT   =        0
    PRECONDITIONER = DAVIDSON      UPDATE        = DAVIDSON
    S              =   0.0000      Ms0           =      YES
    GUESS VECTOR   =  H0BLOCK      OPENTYPE      =     NONE
    COLLAPSE SIZE  =        1      HD AVG        = EVANGELISTI
    MAX NUM VECS   =       25      REF SYM       =     AUTO
    IOPEN        =       NO

    EX ALLOW       =  1  1 
    STATE AVERAGE  =  0(1.00) 

   ==> CI Orbital and Space information <==

   ------------------------------------------------------------------------------
               Space    Total    Ag   B1g   B2g   B3g    Au   B1u   B2u   B3u
   ------------------------------------------------------------------------------
                 Nso        4     2     0     0     0     0     2     0     0
                 Nmo        4     2     0     0     0     0     2     0     0
               Ndocc        1     1     0     0     0     0     0     0     0
               Nsocc        0     0     0     0     0     0     0     0     0
   ------------------------------------------------------------------------------
                                   CI Spaces
   ------------------------------------------------------------------------------
        Dropped DOCC        0     0     0     0     0     0     0     0     0
              Active        3     1     0     0     0     0     2     0     0
        Dropped UOCC        1     1     0     0     0     0     0     0     0
   ------------------------------------------------------------------------------

   ==> Setting up CI strings <==

    There are 3 alpha and 3 beta strings
    The CI space requires 5 (5.00E+00) determinants and 2 blocks

   ==> Transforming CI integrals <==

	Presorting SO-basis two-electron integrals.
	Sorting File: SO Ints (nn|nn) nbuckets = 1
	Transforming the one-electron integrals and constructing Fock matrices
	Starting first half-transformation.
	Sorting half-transformed integrals.
	First half integral transformation complete.
	Starting second half-transformation.
	Two-electron integral transformation complete.

   ==> Starting CI iterations <==

    H0 Block Eigenvalue =  -1.02038686

    Simultaneous Expansion Method (Block Davidson Method)
    Using 1 initial trial vectors

     Iter   Root       Total Energy       Delta E      C RMS

   @CI  0:     0     -1.020386856694   -1.3317E+00   1.2074E-01  
   @CI  1:     0     -1.030616170514   -1.0229E-02   1.2771E-03  
   @CI  2:     0     -1.030617447669   -1.2772E-06   4.5103E-04  
   @CI  3:     0     -1.030617554745   -1.0708E-07   3.1640E-16 c

   ==> Energetics <==

    SCF energy =           -0.962315823309867
    Total CI energy =      -1.030617554744642

   ==> FCI root 0 information <==

    FCI Root 0 energy =    -1.030617554744642

   The 5 most important determinants:

    *   1    0.929487  (    0,    0)  1AgX 
    *   2   -0.358942  (    1,    1)  1B1uX 
    *   3   -0.058851  (    1,    2)  1B1uA 2B1uB 
    *   4   -0.058851  (    2,    1)  1B1uB 2B1uA 
    *   5   -0.016946  (    2,    2)  2B1uX 

		 "A good bug is a dead bug" 

			 - Starship Troopers

		 "I didn't write FORTRAN.  That's the problem."

			 - Edward Valeev
