
*** tstart() called on nia0261.scinet.local
*** at Thu Jun  2 18:11:44 2022

   => Loading Basis Set <=

    Name: 6-31G
    Role: ORBITAL
    Keyword: BASIS
    atoms 1-2 entry H          line    26 file /home/a/aspuru/abhinav/anaconda3/envs/quantum_tequila/share/psi4/basis/6-31g.gbs 


         ---------------------------------------------------------
                                   SCF
               by Justin Turney, Rob Parrish, Andy Simmonett
                          and Daniel G. A. Smith
                              RHF Reference
                        1 Threads,    500 MiB Core
         ---------------------------------------------------------

  ==> Geometry <==

    Molecular point group: d2h
    Full point group: D_inf_h

    Geometry (in Angstrom), charge = 0, multiplicity = 1:

       Center              X                  Y                   Z               Mass       
    ------------   -----------------  -----------------  -----------------  -----------------
         H            0.000000000000     0.000000000000    -1.250000000000     1.007825032230
         H            0.000000000000     0.000000000000     1.250000000000     1.007825032230

  Running in d2h symmetry.

  Rotational constants: A = ************  B =      5.35256  C =      5.35256 [cm^-1]
  Rotational constants: A = ************  B = 160465.63407  C = 160465.63407 [MHz]
  Nuclear repulsion =    0.211670884268000

  Charge       = 0
  Multiplicity = 1
  Electrons    = 2
  Nalpha       = 1
  Nbeta        = 1

  ==> Algorithm <==

  SCF Algorithm Type is DF.
  DIIS enabled.
  MOM disabled.
  Fractional occupation disabled.
  Guess Type is SAD.
  Energy threshold   = 1.00e-06
  Density threshold  = 1.00e-06
  Integral threshold = 0.00e+00

  ==> Primary Basis <==

  Basis Set: 6-31G
    Blend: 6-31G
    Number of shells: 4
    Number of basis function: 4
    Number of Cartesian functions: 4
    Spherical Harmonics?: false
    Max angular momentum: 0

   => Loading Basis Set <=

    Name: (6-31G AUX)
    Role: JKFIT
    Keyword: DF_BASIS_SCF
    atoms 1-2 entry H          line    51 file /home/a/aspuru/abhinav/anaconda3/envs/quantum_tequila/share/psi4/basis/cc-pvdz-jkfit.gbs 

  ==> Pre-Iterations <==

   -------------------------------------------------------
    Irrep   Nso     Nmo     Nalpha   Nbeta   Ndocc  Nsocc
   -------------------------------------------------------
     Ag         2       2       0       0       0       0
     B1g        0       0       0       0       0       0
     B2g        0       0       0       0       0       0
     B3g        0       0       0       0       0       0
     Au         0       0       0       0       0       0
     B1u        2       2       0       0       0       0
     B2u        0       0       0       0       0       0
     B3u        0       0       0       0       0       0
   -------------------------------------------------------
    Total       4       4       1       1       1       0
   -------------------------------------------------------

  ==> Integral Setup <==

  DFHelper Memory: AOs need 0.000 GiB; user supplied 0.366 GiB. Using in-core AOs.

  ==> MemDFJK: Density-Fitted J/K Matrices <==

    J tasked:                   Yes
    K tasked:                   Yes
    wK tasked:                   No
    OpenMP threads:               1
    Memory [MiB]:               375
    Algorithm:                 Core
    Schwarz Cutoff:           1E-12
    Mask sparsity (%):       0.0000
    Fitting Condition:        1E-10

   => Auxiliary Basis Set <=

  Basis Set: (6-31G AUX)
    Blend: CC-PVDZ-JKFIT
    Number of shells: 18
    Number of basis function: 50
    Number of Cartesian functions: 50
    Spherical Harmonics?: false
    Max angular momentum: 2

  Minimum eigenvalue in the overlap matrix is 2.8875291332E-01.
  Using Symmetric Orthogonalization.

  SCF Guess: Superposition of Atomic Densities via on-the-fly atomic UHF.

  ==> Iterations <==

                           Total Energy        Delta E     RMS |[F,P]|

   @DF-RHF iter SAD:    -0.70118657804039   -7.01187e-01   0.00000e+00 
   @DF-RHF iter   1:    -0.85691547891177   -1.55729e-01   5.44631e-04 DIIS
   @DF-RHF iter   2:    -0.85691759960402   -2.12069e-06   8.12483e-05 DIIS
   @DF-RHF iter   3:    -0.85691764786711   -4.82631e-08   4.16956e-09 DIIS
  Energy and wave function converged.


  ==> Post-Iterations <==

    Orbital Energies [Eh]
    ---------------------

    Doubly Occupied:                                                      

       1Ag    -0.339953  

    Virtual:                                                              

       1B1u   -0.073440     2Ag     0.946061     2B1u    1.051606  

    Final Occupation by Irrep:
             Ag   B1g   B2g   B3g    Au   B1u   B2u   B3u 
    DOCC [     1,    0,    0,    0,    0,    0,    0,    0 ]

  @DF-RHF Final Energy:    -0.85691764786711

   => Energetics <=

    Nuclear Repulsion Energy =              0.2116708842680000
    One-Electron Energy =                  -1.4572711463958310
    Two-Electron Energy =                   0.3886826142607164
    Total Energy =                         -0.8569176478671147

Computation Completed


Properties will be evaluated at   0.000000,   0.000000,   0.000000 [a0]

Properties computed using the SCF density matrix

  Nuclear Dipole Moment: [e a0]
     X:     0.0000      Y:     0.0000      Z:     0.0000

  Electronic Dipole Moment: [e a0]
     X:     0.0000      Y:     0.0000      Z:     0.0000

  Dipole Moment: [e a0]
     X:     0.0000      Y:     0.0000      Z:     0.0000     Total:     0.0000

  Dipole Moment: [D]
     X:     0.0000      Y:     0.0000      Z:     0.0000     Total:     0.0000


*** tstop() called on nia0261.scinet.local at Thu Jun  2 18:11:44 2022
Module time:
	user time   =       0.36 seconds =       0.01 minutes
	system time =       0.00 seconds =       0.00 minutes
	total time  =          0 seconds =       0.00 minutes
Total time:
	user time   =       0.92 seconds =       0.02 minutes
	system time =       0.02 seconds =       0.00 minutes
	total time  =          2 seconds =       0.03 minutes
