doing cliff h2 0.5
doing cliff h2 0.6
doing cliff h2 0.7
doing cliff h2 0.8
doing cliff h2 0.9
doing cliff h2 1.0
doing cliff h2 1.1
doing cliff h2 1.2
doing cliff h2 1.3
doing cliff h2 1.4
doing cliff h2 1.5
doing cliff h2 1.6
doing cliff h2 1.7
doing cliff h2 1.8
doing cliff h2 1.9
doing cliff h2 2.0
doing cliff h2 2.1
doing cliff h2 2.2
doing cliff h2 2.3
doing cliff h2 2.4
doing cliff h2 2.5
doing cliff h2 2.6
doing cliff h2 2.7
doing cliff h2 2.8
doing cliff h2 2.9
doing cliff h2 3.0
$$$$$$$$$$$$$$$$$$$$$$$$$$$$$$$$$$$$$$$$$$$$$
H2 terms before folding [[], [2002, 2028, 2002, 2028, 2028, 2028, 2028, 2028, 2028, 2028, 2028, 2028, 2028, 2028, 2028, 2002, 2028, 2028, 2028, 2028, 2028], [2340, 2340, 2340, 2340, 2314, 2340, 2340, 2340, 2340, 2340, 2340, 2340, 2340, 2340, 2340, 2340, 2340, 2340, 2340, 2340, 2340, 2340], [1742, 1716, 1742, 1742, 1716, 1742, 1742, 1742, 1742, 1716, 1742, 1742, 1742, 1742, 1742, 1742, 1742, 1742, 1742, 1742], [3536, 3536, 3536, 3536, 3536, 3536, 3536, 3536, 3510, 3536, 3536, 3536, 3536, 3510, 3510, 3536, 3536, 3536, 3536, 3536, 3536, 3536, 3510, 3536, 3536, 3536, 3510, 3536, 3536, 3536, 3536, 3536, 3510, 3536], [3744, 3744, 3744, 3744, 3718, 3744, 3718, 3744, 3744, 3744, 3744, 3744, 3744, 3744, 3744, 3744, 3744, 3744, 3744, 3744, 3744, 3744, 3744, 3718, 3744, 3744, 3744, 3744, 3744, 3718, 3744, 3744], [3120, 3120, 3120, 3120, 3120, 3094, 3120, 3120, 3120, 3120, 3120, 3120, 3120, 3094, 3094, 3120, 3120, 3120, 3120, 3120, 3120, 3120, 3120, 3094, 3120, 3094, 3120, 3120, 3120, 3120, 3120], [2678, 2652, 2678, 2678, 2652, 2678, 2678, 2678, 2678, 2678, 2678, 2678, 2652, 2678, 2678, 2678, 2678, 2678, 2678, 2678], [2990, 2990, 2964, 2990, 2990, 2964, 2990, 2964, 2990, 2990, 2990, 2990, 2990, 2990, 2990, 2990, 2990, 2990, 2990, 2990, 2964, 2964, 2990, 2990, 2990, 2990, 2990, 2990, 2990, 2990, 2990, 2990, 2990, 2990, 2990, 2990, 2990, 2990, 2990, 2990], [1482, 1456, 1456, 1482, 1482, 1482, 1482, 1482, 1482, 1456, 1456, 1482, 1482, 1482, 1482], [2704, 2720, 2720, 2720, 2704, 2720, 2720, 2720, 2720, 2720, 2720, 2720, 2720, 2720, 2720, 2720, 2720, 2720, 2720, 2720, 2720, 2720, 2720, 2720, 2720, 2720, 2704, 2720, 2704, 2720, 2720, 2720, 2704, 2720, 2720, 2720, 2720, 2720, 2720, 2720, 2720, 2720], [2560, 2560, 2560, 2560, 2544, 2560, 2560, 2560, 2560, 2560, 2560, 2560, 2560, 2560, 2560, 2544, 2560, 2560, 2560, 2560, 2560, 2560, 2560, 2560, 2560, 2560, 2560, 2560, 2560, 2560, 2544, 2560, 2544], [2368, 2368, 2368, 2368, 2368, 2368, 2368, 2368, 2368, 2368, 2352, 2352, 2368, 2368, 2368, 2368, 2368, 2368, 2352, 2368, 2368, 2368, 2352, 2368, 2352, 2352, 2368, 2368, 2368, 2368, 2352, 2368, 2368, 2368, 2368, 2368, 2368, 2368, 2368, 2368], [2224, 2208, 2224, 2224, 2224, 2224, 2224, 2224, 2224, 2224, 2224, 2208, 2224, 2224, 2224, 2224, 2208, 2224, 2224, 2224, 2224, 2224, 2224, 2224, 2224, 2208, 2224, 2224, 2224, 2224, 2224, 2224, 2224, 2224, 2224], [3984, 3968, 3984, 3968, 3968, 3984, 3984, 3984, 3984, 3984, 3984, 3984, 3984, 3984, 3968, 3984, 3984, 3984, 3984, 3984, 3984, 3984, 3984, 3984, 3984, 3968, 3984, 3984, 3984, 3984, 3984, 3984, 3984, 3984, 3984, 3984, 3984, 3984, 3984, 3984, 3984, 3984, 3984, 3984, 3984, 3984, 3968], [2496, 2470, 2496, 2496, 2496, 2470, 2496, 2496, 2496, 2496, 2496, 2496, 2496, 2470, 2496, 2470, 2470, 2470, 2496, 2496], [2600, 2600, 2600, 2600, 2600, 2600, 2574, 2574, 2600, 2600, 2600, 2600, 2574, 2600, 2600, 2574], [3302, 3328, 3328, 3302, 3328, 3328, 3302, 3328, 3328, 3328, 3328, 3302, 3328, 3328, 3328, 3328, 3328, 3328, 3328, 3328, 3328, 3328, 3328, 3328, 3328, 3328, 3328, 3302, 3328, 3302, 3328, 3328, 3328, 3328, 3328, 3328], [1768, 1768, 1768, 1768, 1768, 1768, 1742, 1742, 1768, 1768, 1768, 1768, 1768], [2418, 2418, 2418, 2418, 2418, 2418, 2418, 2418, 2418, 2418, 2418, 2418, 2418, 2418, 2418, 2418, 2418, 2418, 2392, 2418, 2418, 2418, 2418, 2392, 2418, 2418, 2418, 2418, 2418, 2418, 2418], [4888, 4888, 4862, 4888, 4888, 4862, 4888, 4888, 4888, 4888, 4888, 4888, 4888, 4888, 4888, 4888, 4888, 4888, 4888, 4888, 4862, 4888, 4888, 4888, 4888, 4862, 4862, 4888, 4888, 4888, 4888, 4888, 4888, 4888, 4888, 4888, 4888, 4888, 4888, 4888, 4862, 4862, 4888, 4888, 4888, 4862, 4888], [3198, 3172, 3172, 3198, 3198, 3198, 3172, 3198, 3198, 3198, 3198, 3172, 3198, 3172, 3198, 3198, 3198, 3198, 3198, 3198, 3198, 3198, 3198, 3198, 3198, 3198, 3198, 3198, 3198, 3198, 3198, 3198, 3198], [3172, 3172, 3172, 3172, 3172, 3172, 3172, 3172, 3172, 3172, 3146, 3172, 3172, 3172, 3172, 3172, 3146, 3172, 3146, 3172, 3172, 3172, 3172, 3172, 3172, 3172, 3172, 3172, 3172], [5720, 5720, 5720, 5720, 5720, 5720, 5720, 5720, 5720, 5694, 5720, 5720, 5720, 5720, 5720, 5694, 5720, 5720, 5720, 5720, 5720, 5720, 5694, 5720, 5720, 5720, 5720, 5720, 5720, 5720, 5720, 5720, 5720, 5720, 5720, 5720, 5720, 5720, 5720, 5720, 5720, 5694, 5720, 5694, 5720, 5720], [2236, 2236, 2236, 2236, 2210, 2210, 2210, 2210, 2236, 2236, 2210, 2210, 2236, 2236, 2236, 2236, 2236, 2236, 2236], [2106, 2106, 2080, 2106, 2106, 2106, 2106, 2106, 2106, 2106, 2106, 2106, 2106, 2106, 2106, 2106, 2106, 2106, 2106, 2106], [2808, 2808, 2808, 2808, 2808, 2808, 2808, 2808, 2782, 2808, 2782, 2808, 2782, 2782, 2808, 2808, 2782, 2808, 2808, 2808, 2808, 2808, 2808, 2808, 2808, 2808, 2808, 2782, 2808, 2808]]
$$$$$$$$$$$$$$$$$$$$$$$$$$$$$$$$$$$$$$$$$$$$$
H2 terms after folding [[], [2002, 2028, 2002, 2028, 2028, 2028, 2028, 2028, 2028, 2028, 2028, 2028, 2028, 2028, 2028, 2002, 2028, 2028, 2028, 2028, 2028], [2340, 2340, 2340, 2340, 2314, 2340, 2340, 2340, 2340, 2340, 2340, 2340, 2340, 2340, 2340, 2340, 2340, 2340, 2340, 2340, 2340, 2340], [1742, 1716, 1742, 1742, 1716, 1742, 1742, 1742, 1742, 1716, 1742, 1742, 1742, 1742, 1742, 1742, 1742, 1742, 1742, 1742], [3536, 3536, 3536, 3536, 3536, 3536, 3536, 3536, 3510, 3536, 3536, 3536, 3536, 3510, 3510, 3536, 3536, 3536, 3536, 3536, 3536, 3536, 3510, 3536, 3536, 3536, 3510, 3536, 3536, 3536, 3536, 3536, 3510, 3536], [3744, 3744, 3744, 3744, 3718, 3744, 3718, 3744, 3744, 3744, 3744, 3744, 3744, 3744, 3744, 3744, 3744, 3744, 3744, 3744, 3744, 3744, 3744, 3718, 3744, 3744, 3744, 3744, 3744, 3718, 3744, 3744], [3120, 3120, 3120, 3120, 3120, 3094, 3120, 3120, 3120, 3120, 3120, 3120, 3120, 3094, 3094, 3120, 3120, 3120, 3120, 3120, 3120, 3120, 3120, 3094, 3120, 3094, 3120, 3120, 3120, 3120, 3120], [2678, 2652, 2678, 2678, 2652, 2678, 2678, 2678, 2678, 2678, 2678, 2678, 2652, 2678, 2678, 2678, 2678, 2678, 2678, 2678], [2990, 2990, 2964, 2990, 2990, 2964, 2990, 2964, 2990, 2990, 2990, 2990, 2990, 2990, 2990, 2990, 2990, 2990, 2990, 2990, 2964, 2964, 2990, 2990, 2990, 2990, 2990, 2990, 2990, 2990, 2990, 2990, 2990, 2990, 2990, 2990, 2990, 2990, 2990, 2990], [1482, 1456, 1456, 1482, 1482, 1482, 1482, 1482, 1482, 1456, 1456, 1482, 1482, 1482, 1482], [2704, 2720, 2720, 2720, 2704, 2720, 2720, 2720, 2720, 2720, 2720, 2720, 2720, 2720, 2720, 2720, 2720, 2720, 2720, 2720, 2720, 2720, 2720, 2720, 2720, 2720, 2704, 2720, 2704, 2720, 2720, 2720, 2704, 2720, 2720, 2720, 2720, 2720, 2720, 2720, 2720, 2720], [2560, 2560, 2560, 2560, 2544, 2560, 2560, 2560, 2560, 2560, 2560, 2560, 2560, 2560, 2560, 2544, 2560, 2560, 2560, 2560, 2560, 2560, 2560, 2560, 2560, 2560, 2560, 2560, 2560, 2560, 2544, 2560, 2544], [2368, 2368, 2368, 2368, 2368, 2368, 2368, 2368, 2368, 2368, 2352, 2352, 2368, 2368, 2368, 2368, 2368, 2368, 2352, 2368, 2368, 2368, 2352, 2368, 2352, 2352, 2368, 2368, 2368, 2368, 2352, 2368, 2368, 2368, 2368, 2368, 2368, 2368, 2368, 2368], [2224, 2208, 2224, 2224, 2224, 2224, 2224, 2224, 2224, 2224, 2224, 2208, 2224, 2224, 2224, 2224, 2208, 2224, 2224, 2224, 2224, 2224, 2224, 2224, 2224, 2208, 2224, 2224, 2224, 2224, 2224, 2224, 2224, 2224, 2224], [3984, 3968, 3984, 3968, 3968, 3984, 3984, 3984, 3984, 3984, 3984, 3984, 3984, 3984, 3968, 3984, 3984, 3984, 3984, 3984, 3984, 3984, 3984, 3984, 3984, 3968, 3984, 3984, 3984, 3984, 3984, 3984, 3984, 3984, 3984, 3984, 3984, 3984, 3984, 3984, 3984, 3984, 3984, 3984, 3984, 3984, 3968], [2496, 2470, 2496, 2496, 2496, 2470, 2496, 2496, 2496, 2496, 2496, 2496, 2496, 2470, 2496, 2470, 2470, 2470, 2496, 2496], [2600, 2600, 2600, 2600, 2600, 2600, 2574, 2574, 2600, 2600, 2600, 2600, 2574, 2600, 2600, 2574], [3302, 3328, 3328, 3302, 3328, 3328, 3302, 3328, 3328, 3328, 3328, 3302, 3328, 3328, 3328, 3328, 3328, 3328, 3328, 3328, 3328, 3328, 3328, 3328, 3328, 3328, 3328, 3302, 3328, 3302, 3328, 3328, 3328, 3328, 3328, 3328], [1768, 1768, 1768, 1768, 1768, 1768, 1742, 1742, 1768, 1768, 1768, 1768, 1768], [2418, 2418, 2418, 2418, 2418, 2418, 2418, 2418, 2418, 2418, 2418, 2418, 2418, 2418, 2418, 2418, 2418, 2418, 2392, 2418, 2418, 2418, 2418, 2392, 2418, 2418, 2418, 2418, 2418, 2418, 2418], [4888, 4888, 4862, 4888, 4888, 4862, 4888, 4888, 4888, 4888, 4888, 4888, 4888, 4888, 4888, 4888, 4888, 4888, 4888, 4888, 4862, 4888, 4888, 4888, 4888, 4862, 4862, 4888, 4888, 4888, 4888, 4888, 4888, 4888, 4888, 4888, 4888, 4888, 4888, 4888, 4862, 4862, 4888, 4888, 4888, 4862, 4888], [3198, 3172, 3172, 3198, 3198, 3198, 3172, 3198, 3198, 3198, 3198, 3172, 3198, 3172, 3198, 3198, 3198, 3198, 3198, 3198, 3198, 3198, 3198, 3198, 3198, 3198, 3198, 3198, 3198, 3198, 3198, 3198, 3198], [3172, 3172, 3172, 3172, 3172, 3172, 3172, 3172, 3172, 3172, 3146, 3172, 3172, 3172, 3172, 3172, 3146, 3172, 3146, 3172, 3172, 3172, 3172, 3172, 3172, 3172, 3172, 3172, 3172], [5720, 5720, 5720, 5720, 5720, 5720, 5720, 5720, 5720, 5694, 5720, 5720, 5720, 5720, 5720, 5694, 5720, 5720, 5720, 5720, 5720, 5720, 5694, 5720, 5720, 5720, 5720, 5720, 5720, 5720, 5720, 5720, 5720, 5720, 5720, 5720, 5720, 5720, 5720, 5720, 5720, 5694, 5720, 5694, 5720, 5720], [2236, 2236, 2236, 2236, 2210, 2210, 2210, 2210, 2236, 2236, 2210, 2210, 2236, 2236, 2236, 2236, 2236, 2236, 2236], [2106, 2106, 2080, 2106, 2106, 2106, 2106, 2106, 2106, 2106, 2106, 2106, 2106, 2106, 2106, 2106, 2106, 2106, 2106, 2106], [2808, 2808, 2808, 2808, 2808, 2808, 2808, 2808, 2782, 2808, 2782, 2808, 2782, 2782, 2808, 2808, 2782, 2808, 2808, 2808, 2808, 2808, 2808, 2808, 2808, 2808, 2808, 2782, 2808, 2808]]
$$$$$$$$$$$$$$$$$$$$$$$$$$$$$$$$$$$$$$$$$$$$$
doing cliff beh2 1.0
doing noncliff beh2 1.0
HEEEEREEEREREREREEEEE
HEEEEREEEREREREREEEEE
HEEEEREEEREREREREEEEE
HEEEEREEEREREREREEEEE
HEEEEREEEREREREREEEEE
HEEEEREEEREREREREEEEE
HEEEEREEEREREREREEEEE
HEEEEREEEREREREREEEEE
HEEEEREEEREREREREEEEE
HEEEEREEEREREREREEEEE
HEEEEREEEREREREREEEEE
HEEEEREEEREREREREEEEE
HEEEEREEEREREREREEEEE
HEEEEREEEREREREREEEEE
HEEEEREEEREREREREEEEE
HEEEEREEEREREREREEEEE
HEEEEREEEREREREREEEEE
HEEEEREEEREREREREEEEE
HEEEEREEEREREREREEEEE
HEEEEREEEREREREREEEEE
HEEEEREEEREREREREEEEE
HEEEEREEEREREREREEEEE
HEEEEREEEREREREREEEEE
HEEEEREEEREREREREEEEE
HEEEEREEEREREREREEEEE
HEEEEREEEREREREREEEEE
doing cliff beh2 1.2
doing noncliff beh2 1.2
HEEEEREEEREREREREEEEE
HEEEEREEEREREREREEEEE
HEEEEREEEREREREREEEEE
HEEEEREEEREREREREEEEE
HEEEEREEEREREREREEEEE
HEEEEREEEREREREREEEEE
HEEEEREEEREREREREEEEE
HEEEEREEEREREREREEEEE
HEEEEREEEREREREREEEEE
doing cliff beh2 1.4
doing noncliff beh2 1.4
HEEEEREEEREREREREEEEE
HEEEEREEEREREREREEEEE
HEEEEREEEREREREREEEEE
HEEEEREEEREREREREEEEE
HEEEEREEEREREREREEEEE
HEEEEREEEREREREREEEEE
HEEEEREEEREREREREEEEE
HEEEEREEEREREREREEEEE
HEEEEREEEREREREREEEEE
HEEEEREEEREREREREEEEE
HEEEEREEEREREREREEEEE
HEEEEREEEREREREREEEEE
HEEEEREEEREREREREEEEE
HEEEEREEEREREREREEEEE
HEEEEREEEREREREREEEEE
HEEEEREEEREREREREEEEE
HEEEEREEEREREREREEEEE
HEEEEREEEREREREREEEEE
HEEEEREEEREREREREEEEE
HEEEEREEEREREREREEEEE
HEEEEREEEREREREREEEEE
HEEEEREEEREREREREEEEE
HEEEEREEEREREREREEEEE
HEEEEREEEREREREREEEEE
HEEEEREEEREREREREEEEE
HEEEEREEEREREREREEEEE
HEEEEREEEREREREREEEEE
HEEEEREEEREREREREEEEE
HEEEEREEEREREREREEEEE
HEEEEREEEREREREREEEEE
HEEEEREEEREREREREEEEE
HEEEEREEEREREREREEEEE
HEEEEREEEREREREREEEEE
HEEEEREEEREREREREEEEE
HEEEEREEEREREREREEEEE
HEEEEREEEREREREREEEEE
HEEEEREEEREREREREEEEE
HEEEEREEEREREREREEEEE
HEEEEREEEREREREREEEEE
doing cliff beh2 1.6
doing noncliff beh2 1.6
HEEEEREEEREREREREEEEE
HEEEEREEEREREREREEEEE
HEEEEREEEREREREREEEEE
HEEEEREEEREREREREEEEE
HEEEEREEEREREREREEEEE
HEEEEREEEREREREREEEEE
HEEEEREEEREREREREEEEE
HEEEEREEEREREREREEEEE
HEEEEREEEREREREREEEEE
HEEEEREEEREREREREEEEE
HEEEEREEEREREREREEEEE
HEEEEREEEREREREREEEEE
HEEEEREEEREREREREEEEE
HEEEEREEEREREREREEEEE
HEEEEREEEREREREREEEEE
HEEEEREEEREREREREEEEE
HEEEEREEEREREREREEEEE
HEEEEREEEREREREREEEEE
HEEEEREEEREREREREEEEE
HEEEEREEEREREREREEEEE
HEEEEREEEREREREREEEEE
HEEEEREEEREREREREEEEE
HEEEEREEEREREREREEEEE
HEEEEREEEREREREREEEEE
HEEEEREEEREREREREEEEE
HEEEEREEEREREREREEEEE
HEEEEREEEREREREREEEEE
HEEEEREEEREREREREEEEE
HEEEEREEEREREREREEEEE
HEEEEREEEREREREREEEEE
HEEEEREEEREREREREEEEE
doing cliff beh2 1.8
doing noncliff beh2 1.8
HEEEEREEEREREREREEEEE
HEEEEREEEREREREREEEEE
HEEEEREEEREREREREEEEE
HEEEEREEEREREREREEEEE
HEEEEREEEREREREREEEEE
HEEEEREEEREREREREEEEE
HEEEEREEEREREREREEEEE
HEEEEREEEREREREREEEEE
HEEEEREEEREREREREEEEE
HEEEEREEEREREREREEEEE
HEEEEREEEREREREREEEEE
HEEEEREEEREREREREEEEE
HEEEEREEEREREREREEEEE
HEEEEREEEREREREREEEEE
HEEEEREEEREREREREEEEE
HEEEEREEEREREREREEEEE
HEEEEREEEREREREREEEEE
HEEEEREEEREREREREEEEE
HEEEEREEEREREREREEEEE
HEEEEREEEREREREREEEEE
HEEEEREEEREREREREEEEE
HEEEEREEEREREREREEEEE
HEEEEREEEREREREREEEEE
HEEEEREEEREREREREEEEE
HEEEEREEEREREREREEEEE
HEEEEREEEREREREREEEEE
HEEEEREEEREREREREEEEE
HEEEEREEEREREREREEEEE
HEEEEREEEREREREREEEEE
HEEEEREEEREREREREEEEE
HEEEEREEEREREREREEEEE
HEEEEREEEREREREREEEEE
HEEEEREEEREREREREEEEE
HEEEEREEEREREREREEEEE
HEEEEREEEREREREREEEEE
HEEEEREEEREREREREEEEE
HEEEEREEEREREREREEEEE
HEEEEREEEREREREREEEEE
HEEEEREEEREREREREEEEE
doing cliff beh2 2.0
doing noncliff beh2 2.0
HEEEEREEEREREREREEEEE
HEEEEREEEREREREREEEEE
HEEEEREEEREREREREEEEE
HEEEEREEEREREREREEEEE
HEEEEREEEREREREREEEEE
HEEEEREEEREREREREEEEE
HEEEEREEEREREREREEEEE
HEEEEREEEREREREREEEEE
HEEEEREEEREREREREEEEE
HEEEEREEEREREREREEEEE
HEEEEREEEREREREREEEEE
HEEEEREEEREREREREEEEE
HEEEEREEEREREREREEEEE
HEEEEREEEREREREREEEEE
HEEEEREEEREREREREEEEE
HEEEEREEEREREREREEEEE
HEEEEREEEREREREREEEEE
HEEEEREEEREREREREEEEE
HEEEEREEEREREREREEEEE
HEEEEREEEREREREREEEEE
HEEEEREEEREREREREEEEE
HEEEEREEEREREREREEEEE
HEEEEREEEREREREREEEEE
HEEEEREEEREREREREEEEE
HEEEEREEEREREREREEEEE
HEEEEREEEREREREREEEEE
HEEEEREEEREREREREEEEE
HEEEEREEEREREREREEEEE
HEEEEREEEREREREREEEEE
HEEEEREEEREREREREEEEE
HEEEEREEEREREREREEEEE
HEEEEREEEREREREREEEEE
doing cliff beh2 2.2
doing noncliff beh2 2.2
HEEEEREEEREREREREEEEE
HEEEEREEEREREREREEEEE
HEEEEREEEREREREREEEEE
HEEEEREEEREREREREEEEE
HEEEEREEEREREREREEEEE
HEEEEREEEREREREREEEEE
HEEEEREEEREREREREEEEE
HEEEEREEEREREREREEEEE
HEEEEREEEREREREREEEEE
HEEEEREEEREREREREEEEE
HEEEEREEEREREREREEEEE
HEEEEREEEREREREREEEEE
HEEEEREEEREREREREEEEE
HEEEEREEEREREREREEEEE
HEEEEREEEREREREREEEEE
HEEEEREEEREREREREEEEE
HEEEEREEEREREREREEEEE
HEEEEREEEREREREREEEEE
HEEEEREEEREREREREEEEE
HEEEEREEEREREREREEEEE
HEEEEREEEREREREREEEEE
HEEEEREEEREREREREEEEE
HEEEEREEEREREREREEEEE
HEEEEREEEREREREREEEEE
HEEEEREEEREREREREEEEE
HEEEEREEEREREREREEEEE
HEEEEREEEREREREREEEEE
HEEEEREEEREREREREEEEE
HEEEEREEEREREREREEEEE
HEEEEREEEREREREREEEEE
HEEEEREEEREREREREEEEE
HEEEEREEEREREREREEEEE
HEEEEREEEREREREREEEEE
doing cliff beh2 2.4
doing noncliff beh2 2.4
doing cliff beh2 2.6
doing noncliff beh2 2.6
doing cliff beh2 2.8
doing noncliff beh2 2.8
doing cliff beh2 3.0
doing noncliff beh2 3.0
$$$$$$$$$$$$$$$$$$$$$$$$$$$$$$$$$$$$$$$$$$$$$
BeH2 terms before folding [[], [4002, 3956, 3956, 4002, 4002, 4002, 4002, 4002, 4002, 4002, 4002, 3956, 4002, 4002, 4002, 4002, 3956, 4002, 4002, 3956, 4002, 4002, 4002, 4002, 4002, 4002], [2254, 2254, 2254, 2254, 2254, 2254, 2254, 2254, 2254], [9200, 9200, 9154, 9200, 9200, 9154, 9200, 9200, 9200, 9200, 9154, 9200, 9200, 9200, 9200, 9200, 9200, 9200, 9154, 9154, 9200, 9200, 9200, 9200, 9200, 9200, 9200, 9200, 9200, 9200, 9200, 9200, 9200, 9200, 9200, 9200, 9200, 9200, 9200], [5934, 5934, 5888, 5934, 5934, 5934, 5934, 5934, 5934, 5934, 5934, 5934, 5934, 5888, 5934, 5934, 5934, 5934, 5934, 5934, 5934, 5934, 5888, 5934, 5934, 5888, 5934, 5934, 5934, 5934, 5888], [6946, 6946, 6946, 6946, 6946, 6946, 6946, 6946, 6900, 6946, 6946, 6946, 6946, 6946, 6946, 6946, 6946, 6946, 6946, 6946, 6946, 6946, 6946, 6946, 6900, 6946, 6946, 6946, 6946, 6946, 6946, 6946, 6946, 6946, 6946, 6946, 6946, 6946, 6946], [5980, 5980, 5934, 5980, 5980, 5980, 5980, 5980, 5980, 5934, 5980, 5980, 5980, 5980, 5980, 5980, 5980, 5980, 5934, 5934, 5980, 5980, 5980, 5980, 5980, 5980, 5980, 5934, 5980, 5980, 5980, 5980], [4876, 4876, 4876, 4876, 4876, 4876, 4876, 4876, 4876, 4876, 4876, 4876, 4876, 4876, 4876, 4876, 4876, 4876, 4876, 4876, 4876, 4876, 4876, 4876, 4876, 4876, 4876, 4876, 4876, 4876, 4830, 4876, 4876], [5612, 5612, 5612, 5566, 5612, 5612, 5612, 5612, 5566, 5612, 5612, 5566, 5612, 5612, 5612, 5612, 5612, 5612, 5566, 5566, 5612, 5612, 5612, 5612, 5612, 5612, 5612, 5612, 5612, 5566], [4002, 4002, 4002, 4002, 4002, 4002, 4002, 4002, 4002, 4002, 4002, 4002, 4002, 4002, 4002, 4002, 4002], [4370, 4370, 4370, 4370, 4324, 4370, 4324, 4370, 4370, 4324, 4370, 4370, 4370, 4370, 4370, 4370, 4370], [4462, 4462, 4462, 4462, 4416, 4462, 4462, 4462, 4462, 4462, 4416, 4462, 4462, 4462, 4462, 4462, 4462, 4462, 4416, 4462, 4416, 4462, 4462, 4462, 4416, 4462, 4462, 4462, 4462]]
$$$$$$$$$$$$$$$$$$$$$$$$$$$$$$$$$$$$$$$$$$$$$
BeH2 terms after folding [[], [4002, 3956, 3956, 4002, 4002, 4002, 4002, 4002, 4002, 4002, 4002, 3956, 4002, 4002, 4002, 4002, 3956, 4002, 4002, 3956, 4002, 4002, 4002, 4002, 4002, 4002], [2254, 2254, 2254, 2254, 2254, 2254, 2254, 2254, 2254], [9200, 9200, 9154, 9200, 9200, 9154, 9200, 9200, 9200, 9200, 9154, 9200, 9200, 9200, 9200, 9200, 9200, 9200, 9154, 9154, 9200, 9200, 9200, 9200, 9200, 9200, 9200, 9200, 9200, 9200, 9200, 9200, 9200, 9200, 9200, 9200, 9200, 9200, 9200], [5934, 5934, 5888, 5934, 5934, 5934, 5934, 5934, 5934, 5934, 5934, 5934, 5934, 5888, 5934, 5934, 5934, 5934, 5934, 5934, 5934, 5934, 5888, 5934, 5934, 5888, 5934, 5934, 5934, 5934, 5888], [6946, 6946, 6946, 6946, 6946, 6946, 6946, 6946, 6900, 6946, 6946, 6946, 6946, 6946, 6946, 6946, 6946, 6946, 6946, 6946, 6946, 6946, 6946, 6946, 6900, 6946, 6946, 6946, 6946, 6946, 6946, 6946, 6946, 6946, 6946, 6946, 6946, 6946, 6946], [5980, 5980, 5934, 5980, 5980, 5980, 5980, 5980, 5980, 5934, 5980, 5980, 5980, 5980, 5980, 5980, 5980, 5980, 5934, 5934, 5980, 5980, 5980, 5980, 5980, 5980, 5980, 5934, 5980, 5980, 5980, 5980], [4876, 4876, 4876, 4876, 4876, 4876, 4876, 4876, 4876, 4876, 4876, 4876, 4876, 4876, 4876, 4876, 4876, 4876, 4876, 4876, 4876, 4876, 4876, 4876, 4876, 4876, 4876, 4876, 4876, 4876, 4830, 4876, 4876], [5612, 5612, 5612, 5566, 5612, 5612, 5612, 5612, 5566, 5612, 5612, 5566, 5612, 5612, 5612, 5612, 5612, 5612, 5566, 5566, 5612, 5612, 5612, 5612, 5612, 5612, 5612, 5612, 5612, 5566], [4002, 4002, 4002, 4002, 4002, 4002, 4002, 4002, 4002, 4002, 4002, 4002, 4002, 4002, 4002, 4002, 4002], [4370, 4370, 4370, 4370, 4324, 4370, 4324, 4370, 4370, 4324, 4370, 4370, 4370, 4370, 4370, 4370, 4370], [4462, 4462, 4462, 4462, 4416, 4462, 4462, 4462, 4462, 4462, 4416, 4462, 4462, 4462, 4462, 4462, 4462, 4462, 4416, 4462, 4416, 4462, 4462, 4462, 4416, 4462, 4462, 4462, 4462]]
$$$$$$$$$$$$$$$$$$$$$$$$$$$$$$$$$$$$$$$$$$$$$
doing cliff n2 0.75
doing cliff n2 0.75
doing noncliff n2 0.75
current lens [27257]
current lens [27257]
current lens [27257]
current lens [27257]
current lens [27257]
current lens [27257]
current lens [27257]
current lens [27257]
current lens [27257]
current lens [27257]
current lens [27257]
current lens [27257]
current lens [26976]
current lens [27257]
current lens [27257]
current lens [26976]
current lens [27257]
current lens [26976]
current lens [27257]
current lens [27257]
current lens [27257]
current lens [27257]
current lens [27257]
current lens [27257]
current lens [27257]
current lens [26976]
current lens [27257]
current lens [27257]
current lens [27257]
doing cliff n2 0.75
doing noncliff n2 0.75
current lens [27257]
current lens [27257]
current lens [27257]
current lens [27257]
current lens [27257]
current lens [27257]
current lens [27257]
current lens [27257]
current lens [27257]
current lens [27257]
current lens [27257]
current lens [27257]
current lens [26976]
current lens [27257]
current lens [27257]
current lens [26976]
current lens [27257]
current lens [26976]
current lens [27257]
current lens [27257]
current lens [27257]
current lens [27257]
current lens [27257]
current lens [27257]
current lens [27257]
current lens [26976]
current lens [27257]
current lens [27257]
current lens [27257]
doing cliff n2 1.0
doing noncliff n2 1.0
current lens [5916]
current lens [5848]
current lens [5916]
current lens [5916]
current lens [5916]
current lens [5848]
current lens [5916]
current lens [5848]
current lens [5916]
current lens [5916]
current lens [5916]
current lens [5916]
current lens [5848]
current lens [5916]
current lens [5916]
current lens [5916]
current lens [5916]
current lens [5916]
current lens [5916]
current lens [5916]
current lens [5848]
current lens [5848]
current lens [5916]
current lens [5916]
current lens [5916]
current lens [5916]
doing cliff n2 1.3
doing noncliff n2 1.3
current lens [5600]
current lens [5600]
current lens [5600]
current lens [5600]
current lens [5600]
current lens [5600]
current lens [5600]
current lens [5600]
current lens [5600]
current lens [5600]
current lens [5600]
current lens [5600]
doing cliff n2 1.5
doing noncliff n2 1.5
current lens [7260]
current lens [7260]
current lens [7260]
current lens [7260]
current lens [7260]
current lens [7260]
current lens [7128]
current lens [7128]
current lens [7260]
current lens [7260]
current lens [7260]
current lens [7260]
current lens [7260]
doing cliff n2 1.75
doing noncliff n2 1.75
current lens [12480]
current lens [12480]
current lens [12480]
current lens [12480]
current lens [12400]
current lens [12480]
current lens [12480]
current lens [12480]
current lens [12480]
current lens [12480]
current lens [12480]
current lens [12480]
current lens [12480]
current lens [12480]
current lens [12480]
current lens [12400]
current lens [12480]
current lens [12480]
current lens [12480]
current lens [12480]
current lens [12480]
current lens [12480]
current lens [12480]
current lens [12480]
current lens [12480]
current lens [12480]
current lens [12480]
current lens [12480]
current lens [12480]
current lens [12480]
current lens [12480]
current lens [12480]
doing cliff n2 2.0
doing noncliff n2 2.0
current lens [8965]
current lens [8965]
current lens [8965]
current lens [8965]
current lens [8965]
current lens [8802]
current lens [8965]
current lens [8802]
current lens [8965]
current lens [8965]
current lens [8965]
current lens [8965]
current lens [8965]
current lens [8965]
current lens [8965]
doing cliff n2 2.25
doing noncliff n2 2.25
current lens [13467]
current lens [13467]
current lens [13467]
current lens [13467]
current lens [13266]
current lens [13266]
current lens [13467]
current lens [13467]
current lens [13266]
current lens [13467]
current lens [13467]
current lens [13467]
current lens [13467]
current lens [13467]
current lens [13467]
current lens [13467]
doing cliff n2 2.5
doing noncliff n2 2.5
current lens [33672]
current lens [33672]
current lens [33488]
current lens [33672]
current lens [33488]
current lens [33672]
current lens [33672]
current lens [33672]
current lens [33672]
current lens [33672]
current lens [33672]
current lens [33672]
current lens [33488]
current lens [33672]
current lens [33672]
current lens [33672]
current lens [33672]
current lens [33672]
current lens [33488]
current lens [33672]
current lens [33672]
current lens [33672]
current lens [33672]
current lens [33672]
current lens [33672]
current lens [33672]
current lens [33672]
current lens [33672]
current lens [33672]
current lens [33672]
current lens [33672]
current lens [33672]
current lens [33672]
current lens [33488]
current lens [33672]
current lens [33672]
current lens [33672]
current lens [33672]
current lens [33672]
current lens [33672]
current lens [33488]
current lens [33672]
current lens [33672]
current lens [33488]
current lens [33672]
current lens [33672]
current lens [33488]
doing cliff n2 2.75
doing noncliff n2 2.75
current lens [25155]
current lens [25155]
current lens [25155]
current lens [24940]
current lens [25155]
current lens [25155]
current lens [25155]
current lens [25155]
current lens [25155]
current lens [25155]
current lens [25155]
current lens [24940]
current lens [24940]
current lens [25155]
current lens [25155]
current lens [25155]
current lens [25155]
current lens [25155]
current lens [24940]
current lens [25155]
current lens [25155]
current lens [24940]
current lens [24940]
current lens [25155]
current lens [24940]
current lens [24940]
current lens [25155]
current lens [25155]
current lens [25155]
doing cliff n2 3.0
doing noncliff n2 3.0
current lens [23214]
current lens [23214]
current lens [23214]
current lens [23214]
current lens [23068]
current lens [23214]
current lens [23214]
current lens [23068]
current lens [23214]
current lens [23214]
current lens [23214]
current lens [23214]
current lens [23214]
current lens [23214]
current lens [23214]
current lens [23068]
current lens [23214]
current lens [23214]
current lens [23214]
current lens [23068]
current lens [23214]
current lens [23214]
current lens [23214]
current lens [23068]
current lens [23214]
current lens [23214]
current lens [23214]
current lens [23214]
current lens [23068]
current lens [23214]
current lens [23214]
current lens [23214]
current lens [23214]
current lens [23214]
current lens [23214]
current lens [23214]
current lens [23214]
current lens [23214]
$$$$$$$$$$$$$$$$$$$$$$$$$$$$$$$$$$$$$$$$$$$$$
N2 terms before folding [[], [27257, 27257, 27257, 27257, 27257, 27257, 27257, 27257, 27257, 27257, 27257, 27257, 26976, 27257, 27257, 26976, 27257, 26976, 27257, 27257, 27257, 27257, 27257, 27257, 27257, 26976, 27257, 27257, 27257], [5916, 5848, 5916, 5916, 5916, 5848, 5916, 5848, 5916, 5916, 5916, 5916, 5848, 5916, 5916, 5916, 5916, 5916, 5916, 5916, 5848, 5848, 5916, 5916, 5916, 5916], [5600, 5600, 5600, 5600, 5600, 5600, 5600, 5600, 5600, 5600, 5600, 5600], [7260, 7260, 7260, 7260, 7260, 7260, 7128, 7128, 7260, 7260, 7260, 7260, 7260], [12480, 12480, 12480, 12480, 12400, 12480, 12480, 12480, 12480, 12480, 12480, 12480, 12480, 12480, 12480, 12400, 12480, 12480, 12480, 12480, 12480, 12480, 12480, 12480, 12480, 12480, 12480, 12480, 12480, 12480, 12480, 12480], [8965, 8965, 8965, 8965, 8965, 8802, 8965, 8802, 8965, 8965, 8965, 8965, 8965, 8965, 8965], [13467, 13467, 13467, 13467, 13266, 13266, 13467, 13467, 13266, 13467, 13467, 13467, 13467, 13467, 13467, 13467], [33672, 33672, 33488, 33672, 33488, 33672, 33672, 33672, 33672, 33672, 33672, 33672, 33488, 33672, 33672, 33672, 33672, 33672, 33488, 33672, 33672, 33672, 33672, 33672, 33672, 33672, 33672, 33672, 33672, 33672, 33672, 33672, 33672, 33488, 33672, 33672, 33672, 33672, 33672, 33672, 33488, 33672, 33672, 33488, 33672, 33672, 33488], [25155, 25155, 25155, 24940, 25155, 25155, 25155, 25155, 25155, 25155, 25155, 24940, 24940, 25155, 25155, 25155, 25155, 25155, 24940, 25155, 25155, 24940, 24940, 25155, 24940, 24940, 25155, 25155, 25155], [23214, 23214, 23214, 23214, 23068, 23214, 23214, 23068, 23214, 23214, 23214, 23214, 23214, 23214, 23214, 23068, 23214, 23214, 23214, 23068, 23214, 23214, 23214, 23068, 23214, 23214, 23214, 23214, 23068, 23214, 23214, 23214, 23214, 23214, 23214, 23214, 23214, 23214]]
$$$$$$$$$$$$$$$$$$$$$$$$$$$$$$$$$$$$$$$$$$$$$
N2 terms after folding [[], [27257, 27257, 27257, 27257, 27257, 27257, 27257, 27257, 27257, 27257, 27257, 27257, 26976, 27257, 27257, 26976, 27257, 26976, 27257, 27257, 27257, 27257, 27257, 27257, 27257, 26976, 27257, 27257, 27257], [5916, 5848, 5916, 5916, 5916, 5848, 5916, 5848, 5916, 5916, 5916, 5916, 5848, 5916, 5916, 5916, 5916, 5916, 5916, 5916, 5848, 5848, 5916, 5916, 5916, 5916], [5600, 5600, 5600, 5600, 5600, 5600, 5600, 5600, 5600, 5600, 5600, 5600], [7260, 7260, 7260, 7260, 7260, 7260, 7128, 7128, 7260, 7260, 7260, 7260, 7260], [12480, 12480, 12480, 12480, 12400, 12480, 12480, 12480, 12480, 12480, 12480, 12480, 12480, 12480, 12480, 12400, 12480, 12480, 12480, 12480, 12480, 12480, 12480, 12480, 12480, 12480, 12480, 12480, 12480, 12480, 12480, 12480], [8965, 8965, 8965, 8965, 8965, 8802, 8965, 8802, 8965, 8965, 8965, 8965, 8965, 8965, 8965], [13467, 13467, 13467, 13467, 13266, 13266, 13467, 13467, 13266, 13467, 13467, 13467, 13467, 13467, 13467, 13467], [33672, 33672, 33488, 33672, 33488, 33672, 33672, 33672, 33672, 33672, 33672, 33672, 33488, 33672, 33672, 33672, 33672, 33672, 33488, 33672, 33672, 33672, 33672, 33672, 33672, 33672, 33672, 33672, 33672, 33672, 33672, 33672, 33672, 33488, 33672, 33672, 33672, 33672, 33672, 33672, 33488, 33672, 33672, 33488, 33672, 33672, 33488], [25155, 25155, 25155, 24940, 25155, 25155, 25155, 25155, 25155, 25155, 25155, 24940, 24940, 25155, 25155, 25155, 25155, 25155, 24940, 25155, 25155, 24940, 24940, 25155, 24940, 24940, 25155, 25155, 25155], [23214, 23214, 23214, 23214, 23068, 23214, 23214, 23068, 23214, 23214, 23214, 23214, 23214, 23214, 23214, 23068, 23214, 23214, 23214, 23068, 23214, 23214, 23214, 23068, 23214, 23214, 23214, 23214, 23068, 23214, 23214, 23214, 23214, 23214, 23214, 23214, 23214, 23214]]
$$$$$$$$$$$$$$$$$$$$$$$$$$$$$$$$$$$$$$$$$$$$$
