
*** tstart() called on nia0261.scinet.local
*** at Thu Jun  2 18:11:44 2022

   => Loading Basis Set <=

    Name: 6-31G
    Role: ORBITAL
    Keyword: BASIS
    atoms 1-2 entry H          line    26 file /home/a/aspuru/abhinav/anaconda3/envs/quantum_tequila/share/psi4/basis/6-31g.gbs 


         ---------------------------------------------------------
                                   SCF
               by Justin Turney, Rob Parrish, Andy Simmonett
                          and Daniel G. A. Smith
                              RHF Reference
                        1 Threads,    500 MiB Core
         ---------------------------------------------------------

  ==> Geometry <==

    Molecular point group: d2h
    Full point group: D_inf_h

    Geometry (in Angstrom), charge = 0, multiplicity = 1:

       Center              X                  Y                   Z               Mass       
    ------------   -----------------  -----------------  -----------------  -----------------
         H            0.000000000000     0.000000000000    -0.800000000000     1.007825032230
         H            0.000000000000     0.000000000000     0.800000000000     1.007825032230

  Running in d2h symmetry.

  Rotational constants: A = ************  B =     13.06777  C =     13.06777 [cm^-1]
  Rotational constants: A = ************  B = 391761.80194  C = 391761.80194 [MHz]
  Nuclear repulsion =    0.330735756668750

  Charge       = 0
  Multiplicity = 1
  Electrons    = 2
  Nalpha       = 1
  Nbeta        = 1

  ==> Algorithm <==

  SCF Algorithm Type is DF.
  DIIS enabled.
  MOM disabled.
  Fractional occupation disabled.
  Guess Type is SAD.
  Energy threshold   = 1.00e-06
  Density threshold  = 1.00e-06
  Integral threshold = 0.00e+00

  ==> Primary Basis <==

  Basis Set: 6-31G
    Blend: 6-31G
    Number of shells: 4
    Number of basis function: 4
    Number of Cartesian functions: 4
    Spherical Harmonics?: false
    Max angular momentum: 0

   => Loading Basis Set <=

    Name: (6-31G AUX)
    Role: JKFIT
    Keyword: DF_BASIS_SCF
    atoms 1-2 entry H          line    51 file /home/a/aspuru/abhinav/anaconda3/envs/quantum_tequila/share/psi4/basis/cc-pvdz-jkfit.gbs 

  ==> Pre-Iterations <==

   -------------------------------------------------------
    Irrep   Nso     Nmo     Nalpha   Nbeta   Ndocc  Nsocc
   -------------------------------------------------------
     Ag         2       2       0       0       0       0
     B1g        0       0       0       0       0       0
     B2g        0       0       0       0       0       0
     B3g        0       0       0       0       0       0
     Au         0       0       0       0       0       0
     B1u        2       2       0       0       0       0
     B2u        0       0       0       0       0       0
     B3u        0       0       0       0       0       0
   -------------------------------------------------------
    Total       4       4       1       1       1       0
   -------------------------------------------------------

  ==> Integral Setup <==

  DFHelper Memory: AOs need 0.000 GiB; user supplied 0.366 GiB. Using in-core AOs.

  ==> MemDFJK: Density-Fitted J/K Matrices <==

    J tasked:                   Yes
    K tasked:                   Yes
    wK tasked:                   No
    OpenMP threads:               1
    Memory [MiB]:               375
    Algorithm:                 Core
    Schwarz Cutoff:           1E-12
    Mask sparsity (%):       0.0000
    Fitting Condition:        1E-10

   => Auxiliary Basis Set <=

  Basis Set: (6-31G AUX)
    Blend: CC-PVDZ-JKFIT
    Number of shells: 18
    Number of basis function: 50
    Number of Cartesian functions: 50
    Spherical Harmonics?: false
    Max angular momentum: 2

  Minimum eigenvalue in the overlap matrix is 2.3181403645E-01.
  Using Symmetric Orthogonalization.

  SCF Guess: Superposition of Atomic Densities via on-the-fly atomic UHF.

  ==> Iterations <==

                           Total Energy        Delta E     RMS |[F,P]|

   @DF-RHF iter SAD:    -0.74182920725871   -7.41829e-01   0.00000e+00 
   @DF-RHF iter   1:    -0.97928881837961   -2.37460e-01   5.35017e-03 DIIS
   @DF-RHF iter   2:    -0.97946945896314   -1.80641e-04   8.64882e-04 DIIS
   @DF-RHF iter   3:    -0.97947430190898   -4.84295e-06   2.64026e-07 DIIS
   @DF-RHF iter   4:    -0.97947430190943   -4.51417e-13   4.66739e-11 DIIS
  Energy and wave function converged.


  ==> Post-Iterations <==

    Orbital Energies [Eh]
    ---------------------

    Doubly Occupied:                                                      

       1Ag    -0.423444  

    Virtual:                                                              

       1B1u    0.034819     2B1u    1.010736     2Ag     1.050067  

    Final Occupation by Irrep:
             Ag   B1g   B2g   B3g    Au   B1u   B2u   B3u 
    DOCC [     1,    0,    0,    0,    0,    0,    0,    0 ]

  @DF-RHF Final Energy:    -0.97947430190943

   => Energetics <=

    Nuclear Repulsion Energy =              0.3307357566687499
    One-Electron Energy =                  -1.7735314062174965
    Two-Electron Energy =                   0.4633213476393196
    Total Energy =                         -0.9794743019094270

Computation Completed


Properties will be evaluated at   0.000000,   0.000000,   0.000000 [a0]

Properties computed using the SCF density matrix

  Nuclear Dipole Moment: [e a0]
     X:     0.0000      Y:     0.0000      Z:     0.0000

  Electronic Dipole Moment: [e a0]
     X:     0.0000      Y:     0.0000      Z:     0.0000

  Dipole Moment: [e a0]
     X:     0.0000      Y:     0.0000      Z:     0.0000     Total:     0.0000

  Dipole Moment: [D]
     X:     0.0000      Y:     0.0000      Z:     0.0000     Total:     0.0000


*** tstop() called on nia0261.scinet.local at Thu Jun  2 18:11:44 2022
Module time:
	user time   =       0.37 seconds =       0.01 minutes
	system time =       0.01 seconds =       0.00 minutes
	total time  =          0 seconds =       0.00 minutes
Total time:
	user time   =       0.98 seconds =       0.02 minutes
	system time =       0.04 seconds =       0.00 minutes
	total time  =          2 seconds =       0.03 minutes
